[W 18:32:53.373 NotebookApp] Error loading server extension jupyter_server_ydoc
    Traceback (most recent call last):
      File "/home/fabtechsol/anaconda3/lib/python3.11/site-packages/jupyter_server_ydoc/app.py", line 5, in <module>
        from jupyter_server.extension.application import ExtensionApp
      File "/home/fabtechsol/anaconda3/lib/python3.11/site-packages/jupyter_server/extension/application.py", line 12, in <module>
        from jupyter_server.serverapp import ServerApp
      File "/home/fabtechsol/anaconda3/lib/python3.11/site-packages/jupyter_server/serverapp.py", line 112, in <module>
        from jupyter_server.services.contents.filemanager import (
      File "/home/fabtechsol/anaconda3/lib/python3.11/site-packages/jupyter_server/services/contents/filemanager.py", line 13, in <module>
        from anyio.to_thread import run_sync
    ModuleNotFoundError: No module named 'anyio.to_thread'
    
    During handling of the above exception, another exception occurred:
    
    Traceback (most recent call last):
      File "/home/fabtechsol/anaconda3/lib/python3.11/site-packages/notebook/notebookapp.py", line 2047, in init_server_extensions
        mod = importlib.import_module(modulename)
              ^^^^^^^^^^^^^^^^^^^^^^^^^^^^^^^^^^^
      File "/home/fabtechsol/anaconda3/lib/python3.11/importlib/__init__.py", line 126, in import_module
        return _bootstrap._gcd_import(name[level:], package, level)
               ^^^^^^^^^^^^^^^^^^^^^^^^^^^^^^^^^^^^^^^^^^^^^^^^^^^^
      File "<frozen importlib._bootstrap>", line 1204, in _gcd_import
      File "<frozen importlib._bootstrap>", line 1176, in _find_and_load
      File "<frozen importlib._bootstrap>", line 1147, in _find_and_load_unlocked
      File "<frozen importlib._bootstrap>", line 690, in _load_unlocked
      File "<frozen importlib._bootstrap_external>", line 940, in exec_module
      File "<frozen importlib._bootstrap>", line 241, in _call_with_frames_removed
      File "/home/fabtechsol/anaconda3/lib/python3.11/site-packages/jupyter_server_ydoc/__init__.py", line 3, in <module>
        from .app import YDocExtension
      File "/home/fabtechsol/anaconda3/lib/python3.11/site-packages/jupyter_server_ydoc/app.py", line 7, in <module>
        raise ModuleNotFoundError("Jupyter Server must be installed to use this extension.")
    ModuleNotFoundError: Jupyter Server must be installed to use this extension.
[W 18:32:53.388 NotebookApp] Error loading server extension jupyterlab
    Traceback (most recent call last):
      File "/home/fabtechsol/anaconda3/lib/python3.11/site-packages/notebook/notebookapp.py", line 2047, in init_server_extensions
        mod = importlib.import_module(modulename)
              ^^^^^^^^^^^^^^^^^^^^^^^^^^^^^^^^^^^
      File "/home/fabtechsol/anaconda3/lib/python3.11/importlib/__init__.py", line 126, in import_module
        return _bootstrap._gcd_import(name[level:], package, level)
               ^^^^^^^^^^^^^^^^^^^^^^^^^^^^^^^^^^^^^^^^^^^^^^^^^^^^
      File "<frozen importlib._bootstrap>", line 1204, in _gcd_import
      File "<frozen importlib._bootstrap>", line 1176, in _find_and_load
      File "<frozen importlib._bootstrap>", line 1147, in _find_and_load_unlocked
      File "<frozen importlib._bootstrap>", line 690, in _load_unlocked
      File "<frozen importlib._bootstrap_external>", line 940, in exec_module
      File "<frozen importlib._bootstrap>", line 241, in _call_with_frames_removed
      File "/home/fabtechsol/anaconda3/lib/python3.11/site-packages/jupyterlab/__init__.py", line 7, in <module>
        from .handlers.announcements import (  # noqa
      File "/home/fabtechsol/anaconda3/lib/python3.11/site-packages/jupyterlab/handlers/announcements.py", line 15, in <module>
        from jupyterlab_server.translation_utils import translator
      File "/home/fabtechsol/anaconda3/lib/python3.11/site-packages/jupyterlab_server/__init__.py", line 5, in <module>
        from .app import LabServerApp
      File "/home/fabtechsol/anaconda3/lib/python3.11/site-packages/jupyterlab_server/app.py", line 6, in <module>
        from jupyter_server.extension.application import ExtensionApp, ExtensionAppJinjaMixin
      File "/home/fabtechsol/anaconda3/lib/python3.11/site-packages/jupyter_server/extension/application.py", line 12, in <module>
        from jupyter_server.serverapp import ServerApp
      File "/home/fabtechsol/anaconda3/lib/python3.11/site-packages/jupyter_server/serverapp.py", line 112, in <module>
        from jupyter_server.services.contents.filemanager import (
      File "/home/fabtechsol/anaconda3/lib/python3.11/site-packages/jupyter_server/services/contents/filemanager.py", line 13, in <module>
        from anyio.to_thread import run_sync
    ModuleNotFoundError: No module named 'anyio.to_thread'
[I 18:32:54.688 NotebookApp] Serving notebooks from local directory: /home/fabtechsol/product-mockup-node-python
[I 18:32:54.688 NotebookApp] Jupyter Notebook 6.5.4 is running at:
[I 18:32:54.688 NotebookApp] http://localhost:8888/?token=033f8f4d86170f8705e151f8bd99b41f293ff39755093640
[I 18:32:54.688 NotebookApp]  or http://127.0.0.1:8888/?token=033f8f4d86170f8705e151f8bd99b41f293ff39755093640
[I 18:32:54.688 NotebookApp] Use Control-C to stop this server and shut down all kernels (twice to skip confirmation).
[C 18:32:54.706 NotebookApp] 
    
    To access the notebook, open this file in a browser:
        file:///home/fabtechsol/.local/share/jupyter/runtime/nbserver-4227-open.html
    Or copy and paste one of these URLs:
        http://localhost:8888/?token=033f8f4d86170f8705e151f8bd99b41f293ff39755093640
     or http://127.0.0.1:8888/?token=033f8f4d86170f8705e151f8bd99b41f293ff39755093640
Opening in existing browser session.
0.00s - Debugger warning: It seems that frozen modules are being used, which may
0.00s - make the debugger miss breakpoints. Please pass -Xfrozen_modules=off
0.00s - to python to disable frozen modules.
0.00s - Note: Debugging will proceed. Set PYDEVD_DISABLE_FILE_VALIDATION=1 to disable this validation.
[I 18:33:00.881 NotebookApp] Creating new notebook in 
[I 18:33:02.078 NotebookApp] Kernel started: ae1a6070-52e0-469c-80bc-4d5ad3004bb6, name: python3
0.00s - Debugger warning: It seems that frozen modules are being used, which may
0.00s - make the debugger miss breakpoints. Please pass -Xfrozen_modules=off
0.00s - to python to disable frozen modules.
0.00s - Note: Debugging will proceed. Set PYDEVD_DISABLE_FILE_VALIDATION=1 to disable this validation.
[I 18:34:55.605 NotebookApp] Saving file at /Untitled.ipynb
/home/fabtechsol/anaconda3/lib/python3.11/site-packages/nbformat/__init__.py:129: MissingIDFieldWarning: Code cell is missing an id field, this will become a hard error in future nbformat versions. You may want to use `normalize()` on your notebooks before validations (available since nbformat 5.1.4). Previous versions of nbformat are fixing this issue transparently, and will stop doing so in the future.
  validate(nb)
/home/fabtechsol/anaconda3/lib/python3.11/site-packages/notebook/services/contents/manager.py:353: MissingIDFieldWarning: Code cell is missing an id field, this will become a hard error in future nbformat versions. You may want to use `normalize()` on your notebooks before validations (available since nbformat 5.1.4). Previous versions of nbformat are fixing this issue transparently, and will stop doing so in the future.
  validate_nb(model['content'])
[I 18:34:55.868 NotebookApp] Saving file at /Untitled.ipynb
[I 18:34:56.029 NotebookApp] Saving file at /Untitled.ipynb
[I 18:35:02.070 NotebookApp] Saving file at /Untitled.ipynb
[I 18:37:02.063 NotebookApp] Saving file at /Untitled.ipynb
[I 18:37:16.370 NotebookApp] Creating new file in 
[I 18:37:30.524 NotebookApp] Saving file at /new.py
[I 18:37:30.787 NotebookApp] Saving file at /new.py
[I 18:37:30.955 NotebookApp] Saving file at /new.py
[I 18:37:31.147 NotebookApp] Saving file at /new.py
[I 18:38:56.068 NotebookApp] Saving file at /Untitled.ipynb
[I 18:38:56.323 NotebookApp] Saving file at /Untitled.ipynb
[I 18:38:56.491 NotebookApp] Saving file at /Untitled.ipynb
[I 18:39:02.063 NotebookApp] Saving file at /Untitled.ipynb
[I 18:43:02.063 NotebookApp] Saving file at /Untitled.ipynb
[I 18:43:34.908 NotebookApp] Saving file at /Untitled.ipynb
[I 18:43:35.125 NotebookApp] Saving file at /Untitled.ipynb
[I 18:44:39.705 NotebookApp] Saving file at /Untitled.ipynb
[I 18:44:39.956 NotebookApp] Saving file at /Untitled.ipynb
[I 18:44:40.163 NotebookApp] Saving file at /Untitled.ipynb
[I 18:44:40.315 NotebookApp] Saving file at /Untitled.ipynb
[I 18:44:40.816 NotebookApp] Saving file at /Untitled.ipynb
[I 18:44:40.849 NotebookApp] Saving file at /Untitled.ipynb
[I 18:44:40.877 NotebookApp] Saving file at /Untitled.ipynb
[I 18:44:40.910 NotebookApp] Saving file at /Untitled.ipynb
[I 18:44:40.942 NotebookApp] Saving file at /Untitled.ipynb
[I 18:44:40.970 NotebookApp] Saving file at /Untitled.ipynb
[I 18:44:40.999 NotebookApp] Saving file at /Untitled.ipynb
[I 18:44:41.032 NotebookApp] Saving file at /Untitled.ipynb
[I 18:44:41.060 NotebookApp] Saving file at /Untitled.ipynb
[I 18:44:41.090 NotebookApp] Saving file at /Untitled.ipynb
[I 18:44:41.127 NotebookApp] Saving file at /Untitled.ipynb
[I 18:44:41.152 NotebookApp] Saving file at /Untitled.ipynb
[I 18:45:02.062 NotebookApp] Saving file at /Untitled.ipynb
[W 09:53:37.918 NotebookApp] Error loading server extension jupyter_server_ydoc
    Traceback (most recent call last):
      File "/home/fabtechsol/anaconda3/lib/python3.11/site-packages/jupyter_server_ydoc/app.py", line 5, in <module>
        from jupyter_server.extension.application import ExtensionApp
      File "/home/fabtechsol/anaconda3/lib/python3.11/site-packages/jupyter_server/extension/application.py", line 12, in <module>
        from jupyter_server.serverapp import ServerApp
      File "/home/fabtechsol/anaconda3/lib/python3.11/site-packages/jupyter_server/serverapp.py", line 112, in <module>
        from jupyter_server.services.contents.filemanager import (
      File "/home/fabtechsol/anaconda3/lib/python3.11/site-packages/jupyter_server/services/contents/filemanager.py", line 13, in <module>
        from anyio.to_thread import run_sync
    ModuleNotFoundError: No module named 'anyio.to_thread'
    
    During handling of the above exception, another exception occurred:
    
    Traceback (most recent call last):
      File "/home/fabtechsol/anaconda3/lib/python3.11/site-packages/notebook/notebookapp.py", line 2047, in init_server_extensions
        mod = importlib.import_module(modulename)
              ^^^^^^^^^^^^^^^^^^^^^^^^^^^^^^^^^^^
      File "/home/fabtechsol/anaconda3/lib/python3.11/importlib/__init__.py", line 126, in import_module
        return _bootstrap._gcd_import(name[level:], package, level)
               ^^^^^^^^^^^^^^^^^^^^^^^^^^^^^^^^^^^^^^^^^^^^^^^^^^^^
      File "<frozen importlib._bootstrap>", line 1204, in _gcd_import
      File "<frozen importlib._bootstrap>", line 1176, in _find_and_load
      File "<frozen importlib._bootstrap>", line 1147, in _find_and_load_unlocked
      File "<frozen importlib._bootstrap>", line 690, in _load_unlocked
      File "<frozen importlib._bootstrap_external>", line 940, in exec_module
      File "<frozen importlib._bootstrap>", line 241, in _call_with_frames_removed
      File "/home/fabtechsol/anaconda3/lib/python3.11/site-packages/jupyter_server_ydoc/__init__.py", line 3, in <module>
        from .app import YDocExtension
      File "/home/fabtechsol/anaconda3/lib/python3.11/site-packages/jupyter_server_ydoc/app.py", line 7, in <module>
        raise ModuleNotFoundError("Jupyter Server must be installed to use this extension.")
    ModuleNotFoundError: Jupyter Server must be installed to use this extension.
[W 09:53:37.933 NotebookApp] Error loading server extension jupyterlab
    Traceback (most recent call last):
      File "/home/fabtechsol/anaconda3/lib/python3.11/site-packages/notebook/notebookapp.py", line 2047, in init_server_extensions
        mod = importlib.import_module(modulename)
              ^^^^^^^^^^^^^^^^^^^^^^^^^^^^^^^^^^^
      File "/home/fabtechsol/anaconda3/lib/python3.11/importlib/__init__.py", line 126, in import_module
        return _bootstrap._gcd_import(name[level:], package, level)
               ^^^^^^^^^^^^^^^^^^^^^^^^^^^^^^^^^^^^^^^^^^^^^^^^^^^^
      File "<frozen importlib._bootstrap>", line 1204, in _gcd_import
      File "<frozen importlib._bootstrap>", line 1176, in _find_and_load
      File "<frozen importlib._bootstrap>", line 1147, in _find_and_load_unlocked
      File "<frozen importlib._bootstrap>", line 690, in _load_unlocked
      File "<frozen importlib._bootstrap_external>", line 940, in exec_module
      File "<frozen importlib._bootstrap>", line 241, in _call_with_frames_removed
      File "/home/fabtechsol/anaconda3/lib/python3.11/site-packages/jupyterlab/__init__.py", line 7, in <module>
        from .handlers.announcements import (  # noqa
      File "/home/fabtechsol/anaconda3/lib/python3.11/site-packages/jupyterlab/handlers/announcements.py", line 15, in <module>
        from jupyterlab_server.translation_utils import translator
      File "/home/fabtechsol/anaconda3/lib/python3.11/site-packages/jupyterlab_server/__init__.py", line 5, in <module>
        from .app import LabServerApp
      File "/home/fabtechsol/anaconda3/lib/python3.11/site-packages/jupyterlab_server/app.py", line 6, in <module>
        from jupyter_server.extension.application import ExtensionApp, ExtensionAppJinjaMixin
      File "/home/fabtechsol/anaconda3/lib/python3.11/site-packages/jupyter_server/extension/application.py", line 12, in <module>
        from jupyter_server.serverapp import ServerApp
      File "/home/fabtechsol/anaconda3/lib/python3.11/site-packages/jupyter_server/serverapp.py", line 112, in <module>
        from jupyter_server.services.contents.filemanager import (
      File "/home/fabtechsol/anaconda3/lib/python3.11/site-packages/jupyter_server/services/contents/filemanager.py", line 13, in <module>
        from anyio.to_thread import run_sync
    ModuleNotFoundError: No module named 'anyio.to_thread'
[I 09:53:39.190 NotebookApp] Serving notebooks from local directory: /home/fabtechsol/product-mockup-node-python
[I 09:53:39.191 NotebookApp] Jupyter Notebook 6.5.4 is running at:
[I 09:53:39.191 NotebookApp] http://localhost:8888/?token=edb31c76dd7a17dc53f8b2bb9c4bac0ffa14f2f749f17364
[I 09:53:39.191 NotebookApp]  or http://127.0.0.1:8888/?token=edb31c76dd7a17dc53f8b2bb9c4bac0ffa14f2f749f17364
[I 09:53:39.191 NotebookApp] Use Control-C to stop this server and shut down all kernels (twice to skip confirmation).
[C 09:53:39.209 NotebookApp] 
    
    To access the notebook, open this file in a browser:
        file:///home/fabtechsol/.local/share/jupyter/runtime/nbserver-4583-open.html
    Or copy and paste one of these URLs:
        http://localhost:8888/?token=edb31c76dd7a17dc53f8b2bb9c4bac0ffa14f2f749f17364
     or http://127.0.0.1:8888/?token=edb31c76dd7a17dc53f8b2bb9c4bac0ffa14f2f749f17364
Opening in existing browser session.
0.00s - Debugger warning: It seems that frozen modules are being used, which may
0.00s - make the debugger miss breakpoints. Please pass -Xfrozen_modules=off
0.00s - to python to disable frozen modules.
0.00s - Note: Debugging will proceed. Set PYDEVD_DISABLE_FILE_VALIDATION=1 to disable this validation.
[W 09:53:49.643 NotebookApp] Notebook Untitled.ipynb is not trusted
[I 09:53:49.776 NotebookApp] Kernel started: 29464cc9-6978-4b71-8a90-00f846473d0f, name: python3
0.00s - Debugger warning: It seems that frozen modules are being used, which may
0.00s - make the debugger miss breakpoints. Please pass -Xfrozen_modules=off
0.00s - to python to disable frozen modules.
0.00s - Note: Debugging will proceed. Set PYDEVD_DISABLE_FILE_VALIDATION=1 to disable this validation.
[I 09:55:49.771 NotebookApp] Saving file at /Untitled.ipynb
/home/fabtechsol/anaconda3/lib/python3.11/site-packages/nbformat/__init__.py:129: MissingIDFieldWarning: Code cell is missing an id field, this will become a hard error in future nbformat versions. You may want to use `normalize()` on your notebooks before validations (available since nbformat 5.1.4). Previous versions of nbformat are fixing this issue transparently, and will stop doing so in the future.
  validate(nb)
/home/fabtechsol/anaconda3/lib/python3.11/site-packages/notebook/services/contents/manager.py:353: MissingIDFieldWarning: Code cell is missing an id field, this will become a hard error in future nbformat versions. You may want to use `normalize()` on your notebooks before validations (available since nbformat 5.1.4). Previous versions of nbformat are fixing this issue transparently, and will stop doing so in the future.
  validate_nb(model['content'])
[I 09:59:49.760 NotebookApp] Saving file at /Untitled.ipynb
[I 10:00:36.472 NotebookApp] Saving file at /Untitled.ipynb
[I 10:00:36.848 NotebookApp] Saving file at /Untitled.ipynb
[I 10:00:37.120 NotebookApp] Saving file at /Untitled.ipynb
[I 10:00:37.621 NotebookApp] Saving file at /Untitled.ipynb
[I 10:00:37.657 NotebookApp] Saving file at /Untitled.ipynb
[I 10:00:37.681 NotebookApp] Saving file at /Untitled.ipynb
[I 10:00:37.711 NotebookApp] Saving file at /Untitled.ipynb
[I 10:00:37.744 NotebookApp] Saving file at /Untitled.ipynb
[I 10:00:37.775 NotebookApp] Saving file at /Untitled.ipynb
[I 10:00:37.820 NotebookApp] Saving file at /Untitled.ipynb
[I 10:00:37.846 NotebookApp] Saving file at /Untitled.ipynb
[I 10:00:37.870 NotebookApp] Saving file at /Untitled.ipynb
[I 10:01:50.157 NotebookApp] Saving file at /Untitled.ipynb
[I 10:02:11.601 NotebookApp] Saving file at /Untitled.ipynb
[I 10:02:11.816 NotebookApp] Saving file at /Untitled.ipynb
[I 10:02:12.009 NotebookApp] Saving file at /Untitled.ipynb
[I 10:03:22.137 NotebookApp] Saving file at /Untitled.ipynb
[I 10:03:22.352 NotebookApp] Saving file at /Untitled.ipynb
[I 10:03:49.761 NotebookApp] Saving file at /Untitled.ipynb
[I 10:09:50.158 NotebookApp] Saving file at /Untitled.ipynb
[I 10:11:14.359 NotebookApp] Starting buffering for 29464cc9-6978-4b71-8a90-00f846473d0f:be70e8f0ad7a4b218b06403156531ae4
[I 10:11:14.888 NotebookApp] Kernel restarted: 29464cc9-6978-4b71-8a90-00f846473d0f
[I 10:11:14.909 NotebookApp] Restoring connection for 29464cc9-6978-4b71-8a90-00f846473d0f:be70e8f0ad7a4b218b06403156531ae4
0.00s - Debugger warning: It seems that frozen modules are being used, which may
0.00s - make the debugger miss breakpoints. Please pass -Xfrozen_modules=off
0.00s - to python to disable frozen modules.
0.00s - Note: Debugging will proceed. Set PYDEVD_DISABLE_FILE_VALIDATION=1 to disable this validation.
[I 10:11:15.414 NotebookApp] Replaying 3 buffered messages
[I 10:11:50.162 NotebookApp] Saving file at /Untitled.ipynb
[I 10:13:37.405 NotebookApp] Starting buffering for 29464cc9-6978-4b71-8a90-00f846473d0f:be70e8f0ad7a4b218b06403156531ae4
[I 10:13:37.733 NotebookApp] Kernel restarted: 29464cc9-6978-4b71-8a90-00f846473d0f
[I 10:13:37.742 NotebookApp] Restoring connection for 29464cc9-6978-4b71-8a90-00f846473d0f:be70e8f0ad7a4b218b06403156531ae4
0.00s - Debugger warning: It seems that frozen modules are being used, which may
0.00s - make the debugger miss breakpoints. Please pass -Xfrozen_modules=off
0.00s - to python to disable frozen modules.
0.00s - Note: Debugging will proceed. Set PYDEVD_DISABLE_FILE_VALIDATION=1 to disable this validation.
[I 10:13:38.236 NotebookApp] Replaying 3 buffered messages
QObject::moveToThread: Current thread (0x3415270) is not the object's thread (0x3982d30).
Cannot move to target thread (0x3415270)

QObject::moveToThread: Current thread (0x3415270) is not the object's thread (0x3982d30).
Cannot move to target thread (0x3415270)

QObject::moveToThread: Current thread (0x3415270) is not the object's thread (0x3982d30).
Cannot move to target thread (0x3415270)

QObject::moveToThread: Current thread (0x3415270) is not the object's thread (0x3982d30).
Cannot move to target thread (0x3415270)

QObject::moveToThread: Current thread (0x3415270) is not the object's thread (0x3982d30).
Cannot move to target thread (0x3415270)

QObject::moveToThread: Current thread (0x3415270) is not the object's thread (0x3982d30).
Cannot move to target thread (0x3415270)

QObject::moveToThread: Current thread (0x3415270) is not the object's thread (0x3982d30).
Cannot move to target thread (0x3415270)

QObject::moveToThread: Current thread (0x3415270) is not the object's thread (0x3982d30).
Cannot move to target thread (0x3415270)

QObject::moveToThread: Current thread (0x3415270) is not the object's thread (0x3982d30).
Cannot move to target thread (0x3415270)

QObject::moveToThread: Current thread (0x3415270) is not the object's thread (0x3982d30).
Cannot move to target thread (0x3415270)

QObject::moveToThread: Current thread (0x3415270) is not the object's thread (0x3982d30).
Cannot move to target thread (0x3415270)

QObject::moveToThread: Current thread (0x3415270) is not the object's thread (0x3982d30).
Cannot move to target thread (0x3415270)

QObject::moveToThread: Current thread (0x3415270) is not the object's thread (0x3982d30).
Cannot move to target thread (0x3415270)

QObject::moveToThread: Current thread (0x3415270) is not the object's thread (0x3982d30).
Cannot move to target thread (0x3415270)

QObject::moveToThread: Current thread (0x3415270) is not the object's thread (0x3982d30).
Cannot move to target thread (0x3415270)

QObject::moveToThread: Current thread (0x3415270) is not the object's thread (0x3982d30).
Cannot move to target thread (0x3415270)

QObject::moveToThread: Current thread (0x3415270) is not the object's thread (0x3982d30).
Cannot move to target thread (0x3415270)

QObject::moveToThread: Current thread (0x3415270) is not the object's thread (0x3982d30).
Cannot move to target thread (0x3415270)

QObject::moveToThread: Current thread (0x3415270) is not the object's thread (0x3982d30).
Cannot move to target thread (0x3415270)

QObject::moveToThread: Current thread (0x3415270) is not the object's thread (0x3982d30).
Cannot move to target thread (0x3415270)

QObject::moveToThread: Current thread (0x3415270) is not the object's thread (0x3982d30).
Cannot move to target thread (0x3415270)

QObject::moveToThread: Current thread (0x3415270) is not the object's thread (0x3982d30).
Cannot move to target thread (0x3415270)

QObject::moveToThread: Current thread (0x3415270) is not the object's thread (0x3982d30).
Cannot move to target thread (0x3415270)

QObject::moveToThread: Current thread (0x3415270) is not the object's thread (0x3982d30).
Cannot move to target thread (0x3415270)

QObject::moveToThread: Current thread (0x3415270) is not the object's thread (0x3982d30).
Cannot move to target thread (0x3415270)

QObject::moveToThread: Current thread (0x3415270) is not the object's thread (0x3982d30).
Cannot move to target thread (0x3415270)

QObject::moveToThread: Current thread (0x3415270) is not the object's thread (0x3982d30).
Cannot move to target thread (0x3415270)

QObject::moveToThread: Current thread (0x3415270) is not the object's thread (0x3982d30).
Cannot move to target thread (0x3415270)

QObject::moveToThread: Current thread (0x3415270) is not the object's thread (0x3982d30).
Cannot move to target thread (0x3415270)

QObject::moveToThread: Current thread (0x3415270) is not the object's thread (0x3982d30).
Cannot move to target thread (0x3415270)

QObject::moveToThread: Current thread (0x3415270) is not the object's thread (0x3982d30).
Cannot move to target thread (0x3415270)

QObject::moveToThread: Current thread (0x3415270) is not the object's thread (0x3982d30).
Cannot move to target thread (0x3415270)

QObject::moveToThread: Current thread (0x3415270) is not the object's thread (0x3982d30).
Cannot move to target thread (0x3415270)

QObject::moveToThread: Current thread (0x3415270) is not the object's thread (0x3982d30).
Cannot move to target thread (0x3415270)

QObject::moveToThread: Current thread (0x3415270) is not the object's thread (0x3982d30).
Cannot move to target thread (0x3415270)

QObject::moveToThread: Current thread (0x3415270) is not the object's thread (0x3982d30).
Cannot move to target thread (0x3415270)

QObject::moveToThread: Current thread (0x3415270) is not the object's thread (0x3982d30).
Cannot move to target thread (0x3415270)

QObject::moveToThread: Current thread (0x3415270) is not the object's thread (0x3982d30).
Cannot move to target thread (0x3415270)

QObject::moveToThread: Current thread (0x3415270) is not the object's thread (0x3982d30).
Cannot move to target thread (0x3415270)

QObject::moveToThread: Current thread (0x3415270) is not the object's thread (0x3982d30).
Cannot move to target thread (0x3415270)

QObject::moveToThread: Current thread (0x3415270) is not the object's thread (0x3982d30).
Cannot move to target thread (0x3415270)

QObject::moveToThread: Current thread (0x3415270) is not the object's thread (0x3982d30).
Cannot move to target thread (0x3415270)

QObject::moveToThread: Current thread (0x3415270) is not the object's thread (0x3982d30).
Cannot move to target thread (0x3415270)

QObject::moveToThread: Current thread (0x3415270) is not the object's thread (0x3982d30).
Cannot move to target thread (0x3415270)

QObject::moveToThread: Current thread (0x3415270) is not the object's thread (0x3982d30).
Cannot move to target thread (0x3415270)

QObject::moveToThread: Current thread (0x3415270) is not the object's thread (0x3982d30).
Cannot move to target thread (0x3415270)

QObject::moveToThread: Current thread (0x3415270) is not the object's thread (0x3982d30).
Cannot move to target thread (0x3415270)

QObject::moveToThread: Current thread (0x3415270) is not the object's thread (0x3982d30).
Cannot move to target thread (0x3415270)

QObject::moveToThread: Current thread (0x3415270) is not the object's thread (0x3982d30).
Cannot move to target thread (0x3415270)

QObject::moveToThread: Current thread (0x3415270) is not the object's thread (0x3982d30).
Cannot move to target thread (0x3415270)

QObject::moveToThread: Current thread (0x3415270) is not the object's thread (0x3982d30).
Cannot move to target thread (0x3415270)

QObject::moveToThread: Current thread (0x3415270) is not the object's thread (0x3982d30).
Cannot move to target thread (0x3415270)

QObject::moveToThread: Current thread (0x3415270) is not the object's thread (0x3982d30).
Cannot move to target thread (0x3415270)

QObject::moveToThread: Current thread (0x3415270) is not the object's thread (0x3982d30).
Cannot move to target thread (0x3415270)

QObject::moveToThread: Current thread (0x3415270) is not the object's thread (0x3982d30).
Cannot move to target thread (0x3415270)

QObject::moveToThread: Current thread (0x3415270) is not the object's thread (0x3982d30).
Cannot move to target thread (0x3415270)

QObject::moveToThread: Current thread (0x3415270) is not the object's thread (0x3982d30).
Cannot move to target thread (0x3415270)

QObject::moveToThread: Current thread (0x3415270) is not the object's thread (0x3982d30).
Cannot move to target thread (0x3415270)

QObject::moveToThread: Current thread (0x3415270) is not the object's thread (0x3982d30).
Cannot move to target thread (0x3415270)

QObject::moveToThread: Current thread (0x3415270) is not the object's thread (0x3982d30).
Cannot move to target thread (0x3415270)

QObject::moveToThread: Current thread (0x3415270) is not the object's thread (0x3982d30).
Cannot move to target thread (0x3415270)

QObject::moveToThread: Current thread (0x3415270) is not the object's thread (0x3982d30).
Cannot move to target thread (0x3415270)

QObject::moveToThread: Current thread (0x3415270) is not the object's thread (0x3982d30).
Cannot move to target thread (0x3415270)

QObject::moveToThread: Current thread (0x3415270) is not the object's thread (0x3982d30).
Cannot move to target thread (0x3415270)

QObject::moveToThread: Current thread (0x3415270) is not the object's thread (0x3982d30).
Cannot move to target thread (0x3415270)

QObject::moveToThread: Current thread (0x3415270) is not the object's thread (0x3982d30).
Cannot move to target thread (0x3415270)

QObject::moveToThread: Current thread (0x3415270) is not the object's thread (0x3982d30).
Cannot move to target thread (0x3415270)

QObject::moveToThread: Current thread (0x3415270) is not the object's thread (0x3982d30).
Cannot move to target thread (0x3415270)

QObject::moveToThread: Current thread (0x3415270) is not the object's thread (0x3982d30).
Cannot move to target thread (0x3415270)

QObject::moveToThread: Current thread (0x3415270) is not the object's thread (0x3982d30).
Cannot move to target thread (0x3415270)

QObject::moveToThread: Current thread (0x3415270) is not the object's thread (0x3982d30).
Cannot move to target thread (0x3415270)

QObject::moveToThread: Current thread (0x3415270) is not the object's thread (0x3982d30).
Cannot move to target thread (0x3415270)

QObject::moveToThread: Current thread (0x3415270) is not the object's thread (0x3982d30).
Cannot move to target thread (0x3415270)

QObject::moveToThread: Current thread (0x3415270) is not the object's thread (0x3982d30).
Cannot move to target thread (0x3415270)

QObject::moveToThread: Current thread (0x3415270) is not the object's thread (0x3982d30).
Cannot move to target thread (0x3415270)

QObject::moveToThread: Current thread (0x3415270) is not the object's thread (0x3982d30).
Cannot move to target thread (0x3415270)

QObject::moveToThread: Current thread (0x3415270) is not the object's thread (0x3982d30).
Cannot move to target thread (0x3415270)

QObject::moveToThread: Current thread (0x3415270) is not the object's thread (0x3982d30).
Cannot move to target thread (0x3415270)

QObject::moveToThread: Current thread (0x3415270) is not the object's thread (0x3982d30).
Cannot move to target thread (0x3415270)

QObject::moveToThread: Current thread (0x3415270) is not the object's thread (0x3982d30).
Cannot move to target thread (0x3415270)

QObject::moveToThread: Current thread (0x3415270) is not the object's thread (0x3982d30).
Cannot move to target thread (0x3415270)

QObject::moveToThread: Current thread (0x3415270) is not the object's thread (0x3982d30).
Cannot move to target thread (0x3415270)

QObject::moveToThread: Current thread (0x3415270) is not the object's thread (0x3982d30).
Cannot move to target thread (0x3415270)

QObject::moveToThread: Current thread (0x3415270) is not the object's thread (0x3982d30).
Cannot move to target thread (0x3415270)

QObject::moveToThread: Current thread (0x3415270) is not the object's thread (0x3982d30).
Cannot move to target thread (0x3415270)

QObject::moveToThread: Current thread (0x3415270) is not the object's thread (0x3982d30).
Cannot move to target thread (0x3415270)

QObject::moveToThread: Current thread (0x3415270) is not the object's thread (0x3982d30).
Cannot move to target thread (0x3415270)

QObject::moveToThread: Current thread (0x3415270) is not the object's thread (0x3982d30).
Cannot move to target thread (0x3415270)

QObject::moveToThread: Current thread (0x3415270) is not the object's thread (0x3982d30).
Cannot move to target thread (0x3415270)

QObject::moveToThread: Current thread (0x3415270) is not the object's thread (0x3982d30).
Cannot move to target thread (0x3415270)

QObject::moveToThread: Current thread (0x3415270) is not the object's thread (0x3982d30).
Cannot move to target thread (0x3415270)

QObject::moveToThread: Current thread (0x3415270) is not the object's thread (0x3982d30).
Cannot move to target thread (0x3415270)

QObject::moveToThread: Current thread (0x3415270) is not the object's thread (0x3982d30).
Cannot move to target thread (0x3415270)

QObject::moveToThread: Current thread (0x3415270) is not the object's thread (0x3982d30).
Cannot move to target thread (0x3415270)

QObject::moveToThread: Current thread (0x3415270) is not the object's thread (0x3982d30).
Cannot move to target thread (0x3415270)

QObject::moveToThread: Current thread (0x3415270) is not the object's thread (0x3982d30).
Cannot move to target thread (0x3415270)

QObject::moveToThread: Current thread (0x3415270) is not the object's thread (0x3982d30).
Cannot move to target thread (0x3415270)

QObject::moveToThread: Current thread (0x3415270) is not the object's thread (0x3982d30).
Cannot move to target thread (0x3415270)

QObject::moveToThread: Current thread (0x3415270) is not the object's thread (0x3982d30).
Cannot move to target thread (0x3415270)

QObject::moveToThread: Current thread (0x3415270) is not the object's thread (0x3982d30).
Cannot move to target thread (0x3415270)

QObject::moveToThread: Current thread (0x3415270) is not the object's thread (0x3982d30).
Cannot move to target thread (0x3415270)

QObject::moveToThread: Current thread (0x3415270) is not the object's thread (0x3982d30).
Cannot move to target thread (0x3415270)

QObject::moveToThread: Current thread (0x3415270) is not the object's thread (0x3982d30).
Cannot move to target thread (0x3415270)

QObject::moveToThread: Current thread (0x3415270) is not the object's thread (0x3982d30).
Cannot move to target thread (0x3415270)

QObject::moveToThread: Current thread (0x3415270) is not the object's thread (0x3982d30).
Cannot move to target thread (0x3415270)

QObject::moveToThread: Current thread (0x3415270) is not the object's thread (0x3982d30).
Cannot move to target thread (0x3415270)

QObject::moveToThread: Current thread (0x3415270) is not the object's thread (0x3982d30).
Cannot move to target thread (0x3415270)

QObject::moveToThread: Current thread (0x3415270) is not the object's thread (0x3982d30).
Cannot move to target thread (0x3415270)

QObject::moveToThread: Current thread (0x3415270) is not the object's thread (0x3982d30).
Cannot move to target thread (0x3415270)

QObject::moveToThread: Current thread (0x3415270) is not the object's thread (0x3982d30).
Cannot move to target thread (0x3415270)

QObject::moveToThread: Current thread (0x3415270) is not the object's thread (0x3982d30).
Cannot move to target thread (0x3415270)

QObject::moveToThread: Current thread (0x3415270) is not the object's thread (0x3982d30).
Cannot move to target thread (0x3415270)

QObject::moveToThread: Current thread (0x3415270) is not the object's thread (0x3982d30).
Cannot move to target thread (0x3415270)

QObject::moveToThread: Current thread (0x3415270) is not the object's thread (0x3982d30).
Cannot move to target thread (0x3415270)

QObject::moveToThread: Current thread (0x3415270) is not the object's thread (0x3982d30).
Cannot move to target thread (0x3415270)

QObject::moveToThread: Current thread (0x3415270) is not the object's thread (0x3982d30).
Cannot move to target thread (0x3415270)

QObject::moveToThread: Current thread (0x3415270) is not the object's thread (0x3982d30).
Cannot move to target thread (0x3415270)

QObject::moveToThread: Current thread (0x3415270) is not the object's thread (0x3982d30).
Cannot move to target thread (0x3415270)

QObject::moveToThread: Current thread (0x3415270) is not the object's thread (0x3982d30).
Cannot move to target thread (0x3415270)

QObject::moveToThread: Current thread (0x3415270) is not the object's thread (0x3982d30).
Cannot move to target thread (0x3415270)

QObject::moveToThread: Current thread (0x3415270) is not the object's thread (0x3982d30).
Cannot move to target thread (0x3415270)

QObject::moveToThread: Current thread (0x3415270) is not the object's thread (0x3982d30).
Cannot move to target thread (0x3415270)

QObject::moveToThread: Current thread (0x3415270) is not the object's thread (0x3982d30).
Cannot move to target thread (0x3415270)

QObject::moveToThread: Current thread (0x3415270) is not the object's thread (0x3982d30).
Cannot move to target thread (0x3415270)

QObject::moveToThread: Current thread (0x3415270) is not the object's thread (0x3982d30).
Cannot move to target thread (0x3415270)

QObject::moveToThread: Current thread (0x3415270) is not the object's thread (0x3982d30).
Cannot move to target thread (0x3415270)

QObject::moveToThread: Current thread (0x3415270) is not the object's thread (0x3982d30).
Cannot move to target thread (0x3415270)

QObject::moveToThread: Current thread (0x3415270) is not the object's thread (0x3982d30).
Cannot move to target thread (0x3415270)

QObject::moveToThread: Current thread (0x3415270) is not the object's thread (0x3982d30).
Cannot move to target thread (0x3415270)

QObject::moveToThread: Current thread (0x3415270) is not the object's thread (0x3982d30).
Cannot move to target thread (0x3415270)

QObject::moveToThread: Current thread (0x3415270) is not the object's thread (0x3982d30).
Cannot move to target thread (0x3415270)

QObject::moveToThread: Current thread (0x3415270) is not the object's thread (0x3982d30).
Cannot move to target thread (0x3415270)

QObject::moveToThread: Current thread (0x3415270) is not the object's thread (0x3982d30).
Cannot move to target thread (0x3415270)

QObject::moveToThread: Current thread (0x3415270) is not the object's thread (0x3982d30).
Cannot move to target thread (0x3415270)

QObject::moveToThread: Current thread (0x3415270) is not the object's thread (0x3982d30).
Cannot move to target thread (0x3415270)

QObject::moveToThread: Current thread (0x3415270) is not the object's thread (0x3982d30).
Cannot move to target thread (0x3415270)

QObject::moveToThread: Current thread (0x3415270) is not the object's thread (0x3982d30).
Cannot move to target thread (0x3415270)

QObject::moveToThread: Current thread (0x3415270) is not the object's thread (0x3982d30).
Cannot move to target thread (0x3415270)

QObject::moveToThread: Current thread (0x3415270) is not the object's thread (0x3982d30).
Cannot move to target thread (0x3415270)

QObject::moveToThread: Current thread (0x3415270) is not the object's thread (0x3982d30).
Cannot move to target thread (0x3415270)

QObject::moveToThread: Current thread (0x3415270) is not the object's thread (0x3982d30).
Cannot move to target thread (0x3415270)

QObject::moveToThread: Current thread (0x3415270) is not the object's thread (0x3982d30).
Cannot move to target thread (0x3415270)

QObject::moveToThread: Current thread (0x3415270) is not the object's thread (0x3982d30).
Cannot move to target thread (0x3415270)

QObject::moveToThread: Current thread (0x3415270) is not the object's thread (0x3982d30).
Cannot move to target thread (0x3415270)

[I 10:13:49.760 NotebookApp] Saving file at /Untitled.ipynb
[I 10:16:07.003 NotebookApp] Kernel interrupted: 29464cc9-6978-4b71-8a90-00f846473d0f
[I 10:16:09.095 NotebookApp] Kernel interrupted: 29464cc9-6978-4b71-8a90-00f846473d0f
[I 10:16:09.344 NotebookApp] Kernel interrupted: 29464cc9-6978-4b71-8a90-00f846473d0f
[I 10:16:09.584 NotebookApp] Kernel interrupted: 29464cc9-6978-4b71-8a90-00f846473d0f
[I 10:16:09.776 NotebookApp] Kernel interrupted: 29464cc9-6978-4b71-8a90-00f846473d0f
[I 10:16:24.010 NotebookApp] Kernel interrupted: 29464cc9-6978-4b71-8a90-00f846473d0f
[I 10:16:24.408 NotebookApp] Kernel interrupted: 29464cc9-6978-4b71-8a90-00f846473d0f
[I 10:16:24.696 NotebookApp] Kernel interrupted: 29464cc9-6978-4b71-8a90-00f846473d0f
[I 10:16:24.944 NotebookApp] Kernel interrupted: 29464cc9-6978-4b71-8a90-00f846473d0f
[I 10:16:26.536 NotebookApp] Kernel interrupted: 29464cc9-6978-4b71-8a90-00f846473d0f
[I 10:16:26.752 NotebookApp] Kernel interrupted: 29464cc9-6978-4b71-8a90-00f846473d0f
[I 10:16:26.936 NotebookApp] Kernel interrupted: 29464cc9-6978-4b71-8a90-00f846473d0f
[I 10:16:27.112 NotebookApp] Kernel interrupted: 29464cc9-6978-4b71-8a90-00f846473d0f
[I 10:16:27.280 NotebookApp] Kernel interrupted: 29464cc9-6978-4b71-8a90-00f846473d0f
[I 10:16:27.408 NotebookApp] Kernel interrupted: 29464cc9-6978-4b71-8a90-00f846473d0f
[I 10:16:27.544 NotebookApp] Kernel interrupted: 29464cc9-6978-4b71-8a90-00f846473d0f
[I 10:16:27.696 NotebookApp] Kernel interrupted: 29464cc9-6978-4b71-8a90-00f846473d0f
[I 10:16:27.864 NotebookApp] Kernel interrupted: 29464cc9-6978-4b71-8a90-00f846473d0f
[I 10:16:27.992 NotebookApp] Kernel interrupted: 29464cc9-6978-4b71-8a90-00f846473d0f
[I 10:16:28.144 NotebookApp] Kernel interrupted: 29464cc9-6978-4b71-8a90-00f846473d0f
[I 10:16:28.368 NotebookApp] Kernel interrupted: 29464cc9-6978-4b71-8a90-00f846473d0f
[I 10:17:49.761 NotebookApp] Saving file at /Untitled.ipynb
[I 10:18:22.116 NotebookApp] Starting buffering for 29464cc9-6978-4b71-8a90-00f846473d0f:be70e8f0ad7a4b218b06403156531ae4
[I 10:18:22.122 NotebookApp] Kernel shutdown: 29464cc9-6978-4b71-8a90-00f846473d0f
[E 10:18:27.761 NotebookApp] Exception restarting kernel
    Traceback (most recent call last):
      File "/home/fabtechsol/anaconda3/lib/python3.11/site-packages/notebook/services/kernels/handlers.py", line 89, in post
        yield maybe_future(km.restart_kernel(kernel_id))
      File "/home/fabtechsol/anaconda3/lib/python3.11/site-packages/tornado/gen.py", line 767, in run
        value = future.result()
                ^^^^^^^^^^^^^^^
      File "/home/fabtechsol/anaconda3/lib/python3.11/asyncio/futures.py", line 203, in result
        raise self._exception.with_traceback(self._exception_tb)
      File "/home/fabtechsol/anaconda3/lib/python3.11/asyncio/tasks.py", line 267, in __step
        result = coro.send(None)
                 ^^^^^^^^^^^^^^^
      File "/home/fabtechsol/anaconda3/lib/python3.11/site-packages/notebook/services/kernels/kernelmanager.py", line 313, in restart_kernel
        self._check_kernel_id(kernel_id)
      File "/home/fabtechsol/anaconda3/lib/python3.11/site-packages/notebook/services/kernels/kernelmanager.py", line 394, in _check_kernel_id
        raise web.HTTPError(404, f'Kernel does not exist: {kernel_id}')
    tornado.web.HTTPError: HTTP 404: Not Found (Kernel does not exist: 29464cc9-6978-4b71-8a90-00f846473d0f)
[E 10:18:27.772 NotebookApp] {
      "Host": "localhost:8888",
      "Accept": "application/json, text/javascript, */*; q=0.01",
      "Referer": "http://localhost:8888/notebooks/Untitled.ipynb",
      "User-Agent": "Mozilla/5.0 (X11; Linux x86_64) AppleWebKit/537.36 (KHTML, like Gecko) Chrome/121.0.0.0 Safari/537.36 Edg/121.0.0.0"
    }
[E 10:18:27.772 NotebookApp] 500 POST /api/kernels/29464cc9-6978-4b71-8a90-00f846473d0f/restart (127.0.0.1) 11.230000ms referer=http://localhost:8888/notebooks/Untitled.ipynb
[W 10:18:27.780 NotebookApp] 404 DELETE /api/sessions/4846e93e-5dfb-46d5-8af7-39514f768519 (127.0.0.1): Session not found: session_id='4846e93e-5dfb-46d5-8af7-39514f768519'
[W 10:18:27.780 NotebookApp] Session not found: session_id='4846e93e-5dfb-46d5-8af7-39514f768519'
[W 10:18:27.780 NotebookApp] 404 DELETE /api/sessions/4846e93e-5dfb-46d5-8af7-39514f768519 (127.0.0.1) 0.890000ms referer=http://localhost:8888/notebooks/Untitled.ipynb
[I 10:18:27.800 NotebookApp] Kernel started: 3eeacffc-f243-4e92-a3e5-1da3ccf677ef, name: python3
0.00s - Debugger warning: It seems that frozen modules are being used, which may
0.00s - make the debugger miss breakpoints. Please pass -Xfrozen_modules=off
0.00s - to python to disable frozen modules.
0.00s - Note: Debugging will proceed. Set PYDEVD_DISABLE_FILE_VALIDATION=1 to disable this validation.
QObject::moveToThread: Current thread (0x2e23a80) is not the object's thread (0x34d8f80).
Cannot move to target thread (0x2e23a80)

QObject::moveToThread: Current thread (0x2e23a80) is not the object's thread (0x34d8f80).
Cannot move to target thread (0x2e23a80)

QObject::moveToThread: Current thread (0x2e23a80) is not the object's thread (0x34d8f80).
Cannot move to target thread (0x2e23a80)

QObject::moveToThread: Current thread (0x2e23a80) is not the object's thread (0x34d8f80).
Cannot move to target thread (0x2e23a80)

QObject::moveToThread: Current thread (0x2e23a80) is not the object's thread (0x34d8f80).
Cannot move to target thread (0x2e23a80)

QObject::moveToThread: Current thread (0x2e23a80) is not the object's thread (0x34d8f80).
Cannot move to target thread (0x2e23a80)

QObject::moveToThread: Current thread (0x2e23a80) is not the object's thread (0x34d8f80).
Cannot move to target thread (0x2e23a80)

QObject::moveToThread: Current thread (0x2e23a80) is not the object's thread (0x34d8f80).
Cannot move to target thread (0x2e23a80)

QObject::moveToThread: Current thread (0x2e23a80) is not the object's thread (0x34d8f80).
Cannot move to target thread (0x2e23a80)

QObject::moveToThread: Current thread (0x2e23a80) is not the object's thread (0x34d8f80).
Cannot move to target thread (0x2e23a80)

QObject::moveToThread: Current thread (0x2e23a80) is not the object's thread (0x34d8f80).
Cannot move to target thread (0x2e23a80)

QObject::moveToThread: Current thread (0x2e23a80) is not the object's thread (0x34d8f80).
Cannot move to target thread (0x2e23a80)

QObject::moveToThread: Current thread (0x2e23a80) is not the object's thread (0x34d8f80).
Cannot move to target thread (0x2e23a80)

QObject::moveToThread: Current thread (0x2e23a80) is not the object's thread (0x34d8f80).
Cannot move to target thread (0x2e23a80)

QObject::moveToThread: Current thread (0x2e23a80) is not the object's thread (0x34d8f80).
Cannot move to target thread (0x2e23a80)

QObject::moveToThread: Current thread (0x2e23a80) is not the object's thread (0x34d8f80).
Cannot move to target thread (0x2e23a80)

QObject::moveToThread: Current thread (0x2e23a80) is not the object's thread (0x34d8f80).
Cannot move to target thread (0x2e23a80)

QObject::moveToThread: Current thread (0x2e23a80) is not the object's thread (0x34d8f80).
Cannot move to target thread (0x2e23a80)

QObject::moveToThread: Current thread (0x2e23a80) is not the object's thread (0x34d8f80).
Cannot move to target thread (0x2e23a80)

QObject::moveToThread: Current thread (0x2e23a80) is not the object's thread (0x34d8f80).
Cannot move to target thread (0x2e23a80)

QObject::moveToThread: Current thread (0x2e23a80) is not the object's thread (0x34d8f80).
Cannot move to target thread (0x2e23a80)

QObject::moveToThread: Current thread (0x2e23a80) is not the object's thread (0x34d8f80).
Cannot move to target thread (0x2e23a80)

QObject::moveToThread: Current thread (0x2e23a80) is not the object's thread (0x34d8f80).
Cannot move to target thread (0x2e23a80)

QObject::moveToThread: Current thread (0x2e23a80) is not the object's thread (0x34d8f80).
Cannot move to target thread (0x2e23a80)

QObject::moveToThread: Current thread (0x2e23a80) is not the object's thread (0x34d8f80).
Cannot move to target thread (0x2e23a80)

QObject::moveToThread: Current thread (0x2e23a80) is not the object's thread (0x34d8f80).
Cannot move to target thread (0x2e23a80)

QObject::moveToThread: Current thread (0x2e23a80) is not the object's thread (0x34d8f80).
Cannot move to target thread (0x2e23a80)

QObject::moveToThread: Current thread (0x2e23a80) is not the object's thread (0x34d8f80).
Cannot move to target thread (0x2e23a80)

QObject::moveToThread: Current thread (0x2e23a80) is not the object's thread (0x34d8f80).
Cannot move to target thread (0x2e23a80)

QObject::moveToThread: Current thread (0x2e23a80) is not the object's thread (0x34d8f80).
Cannot move to target thread (0x2e23a80)

QObject::moveToThread: Current thread (0x2e23a80) is not the object's thread (0x34d8f80).
Cannot move to target thread (0x2e23a80)

QObject::moveToThread: Current thread (0x2e23a80) is not the object's thread (0x34d8f80).
Cannot move to target thread (0x2e23a80)

QObject::moveToThread: Current thread (0x2e23a80) is not the object's thread (0x34d8f80).
Cannot move to target thread (0x2e23a80)

QObject::moveToThread: Current thread (0x2e23a80) is not the object's thread (0x34d8f80).
Cannot move to target thread (0x2e23a80)

QObject::moveToThread: Current thread (0x2e23a80) is not the object's thread (0x34d8f80).
Cannot move to target thread (0x2e23a80)

QObject::moveToThread: Current thread (0x2e23a80) is not the object's thread (0x34d8f80).
Cannot move to target thread (0x2e23a80)

QObject::moveToThread: Current thread (0x2e23a80) is not the object's thread (0x34d8f80).
Cannot move to target thread (0x2e23a80)

QObject::moveToThread: Current thread (0x2e23a80) is not the object's thread (0x34d8f80).
Cannot move to target thread (0x2e23a80)

QObject::moveToThread: Current thread (0x2e23a80) is not the object's thread (0x34d8f80).
Cannot move to target thread (0x2e23a80)

QObject::moveToThread: Current thread (0x2e23a80) is not the object's thread (0x34d8f80).
Cannot move to target thread (0x2e23a80)

QObject::moveToThread: Current thread (0x2e23a80) is not the object's thread (0x34d8f80).
Cannot move to target thread (0x2e23a80)

QObject::moveToThread: Current thread (0x2e23a80) is not the object's thread (0x34d8f80).
Cannot move to target thread (0x2e23a80)

QObject::moveToThread: Current thread (0x2e23a80) is not the object's thread (0x34d8f80).
Cannot move to target thread (0x2e23a80)

QObject::moveToThread: Current thread (0x2e23a80) is not the object's thread (0x34d8f80).
Cannot move to target thread (0x2e23a80)

QObject::moveToThread: Current thread (0x2e23a80) is not the object's thread (0x34d8f80).
Cannot move to target thread (0x2e23a80)

QObject::moveToThread: Current thread (0x2e23a80) is not the object's thread (0x34d8f80).
Cannot move to target thread (0x2e23a80)

QObject::moveToThread: Current thread (0x2e23a80) is not the object's thread (0x34d8f80).
Cannot move to target thread (0x2e23a80)

QObject::moveToThread: Current thread (0x2e23a80) is not the object's thread (0x34d8f80).
Cannot move to target thread (0x2e23a80)

QObject::moveToThread: Current thread (0x2e23a80) is not the object's thread (0x34d8f80).
Cannot move to target thread (0x2e23a80)

QObject::moveToThread: Current thread (0x2e23a80) is not the object's thread (0x34d8f80).
Cannot move to target thread (0x2e23a80)

QObject::moveToThread: Current thread (0x2e23a80) is not the object's thread (0x34d8f80).
Cannot move to target thread (0x2e23a80)

QObject::moveToThread: Current thread (0x2e23a80) is not the object's thread (0x34d8f80).
Cannot move to target thread (0x2e23a80)

QObject::moveToThread: Current thread (0x2e23a80) is not the object's thread (0x34d8f80).
Cannot move to target thread (0x2e23a80)

QObject::moveToThread: Current thread (0x2e23a80) is not the object's thread (0x34d8f80).
Cannot move to target thread (0x2e23a80)

QObject::moveToThread: Current thread (0x2e23a80) is not the object's thread (0x34d8f80).
Cannot move to target thread (0x2e23a80)

QObject::moveToThread: Current thread (0x2e23a80) is not the object's thread (0x34d8f80).
Cannot move to target thread (0x2e23a80)

QObject::moveToThread: Current thread (0x2e23a80) is not the object's thread (0x34d8f80).
Cannot move to target thread (0x2e23a80)

QObject::moveToThread: Current thread (0x2e23a80) is not the object's thread (0x34d8f80).
Cannot move to target thread (0x2e23a80)

QObject::moveToThread: Current thread (0x2e23a80) is not the object's thread (0x34d8f80).
Cannot move to target thread (0x2e23a80)

QObject::moveToThread: Current thread (0x2e23a80) is not the object's thread (0x34d8f80).
Cannot move to target thread (0x2e23a80)

QObject::moveToThread: Current thread (0x2e23a80) is not the object's thread (0x34d8f80).
Cannot move to target thread (0x2e23a80)

QObject::moveToThread: Current thread (0x2e23a80) is not the object's thread (0x34d8f80).
Cannot move to target thread (0x2e23a80)

QObject::moveToThread: Current thread (0x2e23a80) is not the object's thread (0x34d8f80).
Cannot move to target thread (0x2e23a80)

QObject::moveToThread: Current thread (0x2e23a80) is not the object's thread (0x34d8f80).
Cannot move to target thread (0x2e23a80)

QObject::moveToThread: Current thread (0x2e23a80) is not the object's thread (0x34d8f80).
Cannot move to target thread (0x2e23a80)

QObject::moveToThread: Current thread (0x2e23a80) is not the object's thread (0x34d8f80).
Cannot move to target thread (0x2e23a80)

QObject::moveToThread: Current thread (0x2e23a80) is not the object's thread (0x34d8f80).
Cannot move to target thread (0x2e23a80)

QObject::moveToThread: Current thread (0x2e23a80) is not the object's thread (0x34d8f80).
Cannot move to target thread (0x2e23a80)

QObject::moveToThread: Current thread (0x2e23a80) is not the object's thread (0x34d8f80).
Cannot move to target thread (0x2e23a80)

QObject::moveToThread: Current thread (0x2e23a80) is not the object's thread (0x34d8f80).
Cannot move to target thread (0x2e23a80)

QObject::moveToThread: Current thread (0x2e23a80) is not the object's thread (0x34d8f80).
Cannot move to target thread (0x2e23a80)

QObject::moveToThread: Current thread (0x2e23a80) is not the object's thread (0x34d8f80).
Cannot move to target thread (0x2e23a80)

QObject::moveToThread: Current thread (0x2e23a80) is not the object's thread (0x34d8f80).
Cannot move to target thread (0x2e23a80)

QObject::moveToThread: Current thread (0x2e23a80) is not the object's thread (0x34d8f80).
Cannot move to target thread (0x2e23a80)

QObject::moveToThread: Current thread (0x2e23a80) is not the object's thread (0x34d8f80).
Cannot move to target thread (0x2e23a80)

QObject::moveToThread: Current thread (0x2e23a80) is not the object's thread (0x34d8f80).
Cannot move to target thread (0x2e23a80)

QObject::moveToThread: Current thread (0x2e23a80) is not the object's thread (0x34d8f80).
Cannot move to target thread (0x2e23a80)

QObject::moveToThread: Current thread (0x2e23a80) is not the object's thread (0x34d8f80).
Cannot move to target thread (0x2e23a80)

QObject::moveToThread: Current thread (0x2e23a80) is not the object's thread (0x34d8f80).
Cannot move to target thread (0x2e23a80)

QObject::moveToThread: Current thread (0x2e23a80) is not the object's thread (0x34d8f80).
Cannot move to target thread (0x2e23a80)

QObject::moveToThread: Current thread (0x2e23a80) is not the object's thread (0x34d8f80).
Cannot move to target thread (0x2e23a80)

QObject::moveToThread: Current thread (0x2e23a80) is not the object's thread (0x34d8f80).
Cannot move to target thread (0x2e23a80)

QObject::moveToThread: Current thread (0x2e23a80) is not the object's thread (0x34d8f80).
Cannot move to target thread (0x2e23a80)

QObject::moveToThread: Current thread (0x2e23a80) is not the object's thread (0x34d8f80).
Cannot move to target thread (0x2e23a80)

QObject::moveToThread: Current thread (0x2e23a80) is not the object's thread (0x34d8f80).
Cannot move to target thread (0x2e23a80)

QObject::moveToThread: Current thread (0x2e23a80) is not the object's thread (0x34d8f80).
Cannot move to target thread (0x2e23a80)

QObject::moveToThread: Current thread (0x2e23a80) is not the object's thread (0x34d8f80).
Cannot move to target thread (0x2e23a80)

QObject::moveToThread: Current thread (0x2e23a80) is not the object's thread (0x34d8f80).
Cannot move to target thread (0x2e23a80)

QObject::moveToThread: Current thread (0x2e23a80) is not the object's thread (0x34d8f80).
Cannot move to target thread (0x2e23a80)

QObject::moveToThread: Current thread (0x2e23a80) is not the object's thread (0x34d8f80).
Cannot move to target thread (0x2e23a80)

QObject::moveToThread: Current thread (0x2e23a80) is not the object's thread (0x34d8f80).
Cannot move to target thread (0x2e23a80)

QObject::moveToThread: Current thread (0x2e23a80) is not the object's thread (0x34d8f80).
Cannot move to target thread (0x2e23a80)

QObject::moveToThread: Current thread (0x2e23a80) is not the object's thread (0x34d8f80).
Cannot move to target thread (0x2e23a80)

QObject::moveToThread: Current thread (0x2e23a80) is not the object's thread (0x34d8f80).
Cannot move to target thread (0x2e23a80)

QObject::moveToThread: Current thread (0x2e23a80) is not the object's thread (0x34d8f80).
Cannot move to target thread (0x2e23a80)

QObject::moveToThread: Current thread (0x2e23a80) is not the object's thread (0x34d8f80).
Cannot move to target thread (0x2e23a80)

QObject::moveToThread: Current thread (0x2e23a80) is not the object's thread (0x34d8f80).
Cannot move to target thread (0x2e23a80)

QObject::moveToThread: Current thread (0x2e23a80) is not the object's thread (0x34d8f80).
Cannot move to target thread (0x2e23a80)

QObject::moveToThread: Current thread (0x2e23a80) is not the object's thread (0x34d8f80).
Cannot move to target thread (0x2e23a80)

QObject::moveToThread: Current thread (0x2e23a80) is not the object's thread (0x34d8f80).
Cannot move to target thread (0x2e23a80)

QObject::moveToThread: Current thread (0x2e23a80) is not the object's thread (0x34d8f80).
Cannot move to target thread (0x2e23a80)

QObject::moveToThread: Current thread (0x2e23a80) is not the object's thread (0x34d8f80).
Cannot move to target thread (0x2e23a80)

QObject::moveToThread: Current thread (0x2e23a80) is not the object's thread (0x34d8f80).
Cannot move to target thread (0x2e23a80)

QObject::moveToThread: Current thread (0x2e23a80) is not the object's thread (0x34d8f80).
Cannot move to target thread (0x2e23a80)

QObject::moveToThread: Current thread (0x2e23a80) is not the object's thread (0x34d8f80).
Cannot move to target thread (0x2e23a80)

QObject::moveToThread: Current thread (0x2e23a80) is not the object's thread (0x34d8f80).
Cannot move to target thread (0x2e23a80)

QObject::moveToThread: Current thread (0x2e23a80) is not the object's thread (0x34d8f80).
Cannot move to target thread (0x2e23a80)

QObject::moveToThread: Current thread (0x2e23a80) is not the object's thread (0x34d8f80).
Cannot move to target thread (0x2e23a80)

QObject::moveToThread: Current thread (0x2e23a80) is not the object's thread (0x34d8f80).
Cannot move to target thread (0x2e23a80)

QObject::moveToThread: Current thread (0x2e23a80) is not the object's thread (0x34d8f80).
Cannot move to target thread (0x2e23a80)

QObject::moveToThread: Current thread (0x2e23a80) is not the object's thread (0x34d8f80).
Cannot move to target thread (0x2e23a80)

QObject::moveToThread: Current thread (0x2e23a80) is not the object's thread (0x34d8f80).
Cannot move to target thread (0x2e23a80)

QObject::moveToThread: Current thread (0x2e23a80) is not the object's thread (0x34d8f80).
Cannot move to target thread (0x2e23a80)

QObject::moveToThread: Current thread (0x2e23a80) is not the object's thread (0x34d8f80).
Cannot move to target thread (0x2e23a80)

QObject::moveToThread: Current thread (0x2e23a80) is not the object's thread (0x34d8f80).
Cannot move to target thread (0x2e23a80)

QObject::moveToThread: Current thread (0x2e23a80) is not the object's thread (0x34d8f80).
Cannot move to target thread (0x2e23a80)

QObject::moveToThread: Current thread (0x2e23a80) is not the object's thread (0x34d8f80).
Cannot move to target thread (0x2e23a80)

QObject::moveToThread: Current thread (0x2e23a80) is not the object's thread (0x34d8f80).
Cannot move to target thread (0x2e23a80)

QObject::moveToThread: Current thread (0x2e23a80) is not the object's thread (0x34d8f80).
Cannot move to target thread (0x2e23a80)

QObject::moveToThread: Current thread (0x2e23a80) is not the object's thread (0x34d8f80).
Cannot move to target thread (0x2e23a80)

QObject::moveToThread: Current thread (0x2e23a80) is not the object's thread (0x34d8f80).
Cannot move to target thread (0x2e23a80)

QObject::moveToThread: Current thread (0x2e23a80) is not the object's thread (0x34d8f80).
Cannot move to target thread (0x2e23a80)

QObject::moveToThread: Current thread (0x2e23a80) is not the object's thread (0x34d8f80).
Cannot move to target thread (0x2e23a80)

QObject::moveToThread: Current thread (0x2e23a80) is not the object's thread (0x34d8f80).
Cannot move to target thread (0x2e23a80)

QObject::moveToThread: Current thread (0x2e23a80) is not the object's thread (0x34d8f80).
Cannot move to target thread (0x2e23a80)

QObject::moveToThread: Current thread (0x2e23a80) is not the object's thread (0x34d8f80).
Cannot move to target thread (0x2e23a80)

QObject::moveToThread: Current thread (0x2e23a80) is not the object's thread (0x34d8f80).
Cannot move to target thread (0x2e23a80)

QObject::moveToThread: Current thread (0x2e23a80) is not the object's thread (0x34d8f80).
Cannot move to target thread (0x2e23a80)

QObject::moveToThread: Current thread (0x2e23a80) is not the object's thread (0x34d8f80).
Cannot move to target thread (0x2e23a80)

QObject::moveToThread: Current thread (0x2e23a80) is not the object's thread (0x34d8f80).
Cannot move to target thread (0x2e23a80)

QObject::moveToThread: Current thread (0x2e23a80) is not the object's thread (0x34d8f80).
Cannot move to target thread (0x2e23a80)

QObject::moveToThread: Current thread (0x2e23a80) is not the object's thread (0x34d8f80).
Cannot move to target thread (0x2e23a80)

QObject::moveToThread: Current thread (0x2e23a80) is not the object's thread (0x34d8f80).
Cannot move to target thread (0x2e23a80)

QObject::moveToThread: Current thread (0x2e23a80) is not the object's thread (0x34d8f80).
Cannot move to target thread (0x2e23a80)

QObject::moveToThread: Current thread (0x2e23a80) is not the object's thread (0x34d8f80).
Cannot move to target thread (0x2e23a80)

QObject::moveToThread: Current thread (0x2e23a80) is not the object's thread (0x34d8f80).
Cannot move to target thread (0x2e23a80)

QObject::moveToThread: Current thread (0x2e23a80) is not the object's thread (0x34d8f80).
Cannot move to target thread (0x2e23a80)

QObject::moveToThread: Current thread (0x2e23a80) is not the object's thread (0x34d8f80).
Cannot move to target thread (0x2e23a80)

QObject::moveToThread: Current thread (0x2e23a80) is not the object's thread (0x34d8f80).
Cannot move to target thread (0x2e23a80)

QObject::moveToThread: Current thread (0x2e23a80) is not the object's thread (0x34d8f80).
Cannot move to target thread (0x2e23a80)

QObject::moveToThread: Current thread (0x2e23a80) is not the object's thread (0x34d8f80).
Cannot move to target thread (0x2e23a80)

QObject::moveToThread: Current thread (0x2e23a80) is not the object's thread (0x34d8f80).
Cannot move to target thread (0x2e23a80)

QObject::moveToThread: Current thread (0x2e23a80) is not the object's thread (0x34d8f80).
Cannot move to target thread (0x2e23a80)

QObject::moveToThread: Current thread (0x2e23a80) is not the object's thread (0x34d8f80).
Cannot move to target thread (0x2e23a80)

[I 10:19:49.760 NotebookApp] Saving file at /Untitled.ipynb
[I 10:21:35.082 NotebookApp] Kernel interrupted: 3eeacffc-f243-4e92-a3e5-1da3ccf677ef
[I 10:21:43.512 NotebookApp] Starting buffering for 3eeacffc-f243-4e92-a3e5-1da3ccf677ef:be70e8f0ad7a4b218b06403156531ae4
[I 10:21:46.140 NotebookApp] Kernel restarted: 3eeacffc-f243-4e92-a3e5-1da3ccf677ef
[I 10:21:46.150 NotebookApp] Restoring connection for 3eeacffc-f243-4e92-a3e5-1da3ccf677ef:be70e8f0ad7a4b218b06403156531ae4
0.00s - Debugger warning: It seems that frozen modules are being used, which may
0.00s - make the debugger miss breakpoints. Please pass -Xfrozen_modules=off
0.00s - to python to disable frozen modules.
0.00s - Note: Debugging will proceed. Set PYDEVD_DISABLE_FILE_VALIDATION=1 to disable this validation.
[I 10:21:46.669 NotebookApp] Replaying 3 buffered messages
[I 10:21:49.760 NotebookApp] Saving file at /Untitled.ipynb
[I 10:23:49.760 NotebookApp] Saving file at /Untitled.ipynb
[I 10:25:49.760 NotebookApp] Saving file at /Untitled.ipynb
[I 10:26:19.041 NotebookApp] Saving file at /Untitled.ipynb
[I 10:26:19.320 NotebookApp] Saving file at /Untitled.ipynb
[I 10:26:19.553 NotebookApp] Saving file at /Untitled.ipynb
[I 10:26:19.721 NotebookApp] Saving file at /Untitled.ipynb
[I 10:27:49.760 NotebookApp] Saving file at /Untitled.ipynb
[I 10:28:12.195 NotebookApp] Saving file at /Untitled.ipynb
[I 10:28:12.457 NotebookApp] Saving file at /Untitled.ipynb
[I 10:28:12.649 NotebookApp] Saving file at /Untitled.ipynb
[I 10:29:49.760 NotebookApp] Saving file at /Untitled.ipynb
[I 10:30:26.665 NotebookApp] Saving file at /Untitled.ipynb
[I 10:30:26.929 NotebookApp] Saving file at /Untitled.ipynb
[I 10:30:27.089 NotebookApp] Saving file at /Untitled.ipynb
[I 10:31:49.760 NotebookApp] Saving file at /Untitled.ipynb
